2026-01-27 12:53:53,496 - __main__ - INFO - Loaded 95 records for matching.
2026-01-27 12:53:53,496 - __main__ - INFO - Engaging DeepSeekMatcher engine...
2026-01-27 12:53:58,315 - __main__ - INFO - API Success | Time: 4.72s | Tokens: 2350 (Cache Hit: 0)
2026-01-27 12:54:02,989 - __main__ - INFO - API Success | Time: 4.67s | Tokens: 2379 (Cache Hit: 1024)
2026-01-27 12:54:08,179 - __main__ - INFO - API Success | Time: 5.19s | Tokens: 1924 (Cache Hit: 1024)
2026-01-27 12:54:11,547 - __main__ - INFO - API Success | Time: 3.37s | Tokens: 1746 (Cache Hit: 1024)
2026-01-27 12:54:14,938 - __main__ - INFO - API Success | Time: 3.39s | Tokens: 1876 (Cache Hit: 1344)
2026-01-27 12:54:19,451 - __main__ - INFO - API Success | Time: 4.51s | Tokens: 3830 (Cache Hit: 1024)
2026-01-27 12:54:24,141 - __main__ - INFO - API Success | Time: 4.69s | Tokens: 3034 (Cache Hit: 1024)
2026-01-27 12:54:27,956 - __main__ - INFO - API Success | Time: 3.81s | Tokens: 1903 (Cache Hit: 1024)
2026-01-27 12:54:33,354 - __main__ - INFO - API Success | Time: 5.40s | Tokens: 2915 (Cache Hit: 1024)
2026-01-27 12:54:36,835 - __main__ - INFO - API Success | Time: 3.48s | Tokens: 2238 (Cache Hit: 1024)
2026-01-27 12:54:41,923 - __main__ - INFO - API Success | Time: 5.09s | Tokens: 2358 (Cache Hit: 1088)
2026-01-27 12:54:46,554 - __main__ - INFO - API Success | Time: 4.63s | Tokens: 2483 (Cache Hit: 1024)
2026-01-27 12:54:52,799 - __main__ - INFO - API Success | Time: 6.24s | Tokens: 2877 (Cache Hit: 1088)
2026-01-27 12:54:57,037 - __main__ - INFO - API Success | Time: 4.24s | Tokens: 2018 (Cache Hit: 1024)
2026-01-27 12:55:01,470 - __main__ - INFO - API Success | Time: 4.43s | Tokens: 2409 (Cache Hit: 1024)
2026-01-27 12:55:06,921 - __main__ - INFO - API Success | Time: 5.45s | Tokens: 2460 (Cache Hit: 1024)
2026-01-27 12:55:11,098 - __main__ - INFO - API Success | Time: 4.18s | Tokens: 2348 (Cache Hit: 1024)
2026-01-27 12:55:15,655 - __main__ - INFO - API Success | Time: 4.56s | Tokens: 2645 (Cache Hit: 1024)
2026-01-27 12:55:20,179 - __main__ - INFO - API Success | Time: 4.52s | Tokens: 2284 (Cache Hit: 1024)
2026-01-27 12:55:25,523 - __main__ - INFO - API Success | Time: 5.34s | Tokens: 2575 (Cache Hit: 1024)
2026-01-27 12:55:30,776 - __main__ - INFO - API Success | Time: 5.25s | Tokens: 2087 (Cache Hit: 1024)
2026-01-27 12:55:35,892 - __main__ - INFO - API Success | Time: 5.12s | Tokens: 2317 (Cache Hit: 1024)
2026-01-27 12:55:35,892 - __main__ - WARNING - Token counting failed: expected string or buffer, falling back to character-based estimation.
2026-01-27 12:55:35,893 - __main__ - CRITICAL - Matching process aborted due to fatal error: object of type 'float' has no len()
