2026-01-25 18:05:26,051 - utils.config_loader - INFO - Loading configuration from: C:\Users\CXY\Downloads\job-matcher\config\config_arron.yaml
2026-01-25 18:05:26,052 - LinkedInScraper - INFO - Starting task for [Arron]: Machine Learning in Toronto, Ontario, Canada
2026-01-25 18:05:26,053 - LinkedInScraper - INFO - Initializing Playwright and launching browser...
2026-01-25 18:05:26,743 - LinkedInScraper - INFO - Browser session started successfully.
2026-01-25 18:05:26,743 - LinkedInScraper - INFO - Navigating to LinkedIn job search page...
2026-01-25 18:05:28,037 - LinkedInScraper - INFO - Sign-in button not found. User may already be logged in.
2026-01-25 18:05:28,046 - LinkedInScraper - INFO - Executing search for keywords: 'Machine Learning' in 'Toronto, Ontario, Canada'
2026-01-25 18:05:28,344 - LinkedInScraper - INFO - Applying time filter: Past 24 hours
2026-01-25 18:05:30,609 - LinkedInScraper - INFO - Setting location filter: 10km
2026-01-25 18:05:32,971 - LinkedInScraper - INFO - Location filters applied successfully.
2026-01-25 18:05:32,971 - LinkedInScraper - INFO - Starting job scraping sequence...
2026-01-25 18:05:34,335 - LinkedInScraper - INFO - Page content loaded. Extracting job cards...
2026-01-25 18:05:34,367 - LinkedInScraper - INFO - Found 25 jobs on the current page.
2026-01-25 18:05:35,405 - LinkedInScraper - INFO - Successfully scraped: Data Scientist  at Dawn InfoTek
2026-01-25 18:05:36,515 - LinkedInScraper - INFO - Successfully scraped: Machine Learning Architect (AWS) - Canada  at RACKSPACE
2026-01-25 18:05:37,627 - LinkedInScraper - INFO - Successfully scraped: Staff Applied Scientist, AI/ML  at Kinaxis
2026-01-25 18:05:38,714 - LinkedInScraper - INFO - Successfully scraped: Software Engineer, Gen AI & Web Apps  at BenchSci
2026-01-25 18:05:39,799 - LinkedInScraper - INFO - Successfully scraped: Senior ML Platform Engineer  at Kobo
2026-01-25 18:05:40,867 - LinkedInScraper - INFO - Successfully scraped: Staff Data Scientist I  at Mistplay Inc
2026-01-25 18:05:41,870 - LinkedInScraper - INFO - Successfully scraped: Member of Technical Staff, Next Generation Agents  at Cohere
2026-01-25 18:05:42,965 - LinkedInScraper - INFO - Successfully scraped: Senior ML Performance Engineer at Lemurian Labs
2026-01-25 18:05:44,104 - LinkedInScraper - INFO - Successfully scraped: Applied Science Manager III, RBKS AI  at Amazon
2026-01-25 18:05:45,193 - LinkedInScraper - INFO - Successfully scraped: Senior ML Platform / ML Infrastructure Engineer II  at Mistplay Inc
2026-01-25 18:05:46,333 - LinkedInScraper - INFO - Successfully scraped: ML Compiler Engineer , AWS Neuron, Annapurna Labs  at Amazon Web Services (AWS)
2026-01-25 18:05:47,365 - LinkedInScraper - INFO - Successfully scraped: Generative AI, RD and Innovation Manager, Deloitte Global Technology  at Deloitte Canada
2026-01-25 18:05:48,466 - LinkedInScraper - INFO - Successfully scraped: Senior AI Consultant Engineer at UST
2026-01-25 18:05:49,525 - LinkedInScraper - INFO - Successfully scraped: Manager, Advanced Analytics and Artificial Intelligence (AI)  at RSM Canada
2026-01-25 18:05:50,591 - LinkedInScraper - INFO - Successfully scraped: Runtime Engineer at Lemurian Labs
2026-01-25 18:05:51,662 - LinkedInScraper - INFO - Successfully scraped: Senior Software Engineer - AI/Computer Vision (Camera Systems)  at Motorola Solutions
2026-01-25 18:05:53,274 - LinkedInScraper - INFO - Successfully scraped: Technical Project Manager – Agentic AI Technologies  at Techedin
2026-01-25 18:05:54,307 - LinkedInScraper - INFO - Successfully scraped: Director of AI Technical Marketing  at Equinix
2026-01-25 18:05:55,381 - LinkedInScraper - INFO - Successfully scraped: Senior Software Developer at Blue J
2026-01-25 18:05:56,444 - LinkedInScraper - INFO - Successfully scraped: Software Developer II at Blue J
2026-01-25 18:05:57,532 - LinkedInScraper - INFO - Successfully scraped: Data Analyst  at Zynga
2026-01-25 18:05:58,635 - LinkedInScraper - INFO - Successfully scraped: Principal Backend Developer  at Autodesk
2026-01-25 18:06:00,120 - LinkedInScraper - INFO - Successfully scraped: Analytics Engineer at Kobo
2026-01-25 18:06:01,256 - LinkedInScraper - INFO - Successfully scraped: Senior Software Engineer  at Morningstar
2026-01-25 18:06:03,442 - LinkedInScraper - INFO - Successfully scraped: Quality Engineer II, AI Platform  at TD
2026-01-25 18:06:03,450 - LinkedInScraper - INFO - Navigating to next page...
2026-01-25 18:06:04,337 - LinkedInScraper - INFO - Page content loaded. Extracting job cards...
2026-01-25 18:06:04,340 - LinkedInScraper - INFO - Found 15 jobs on the current page.
2026-01-25 18:06:05,385 - LinkedInScraper - INFO - Successfully scraped: GCP Data Analyst - BigQuery (Canada)  at RACKSPACE
2026-01-25 18:06:06,345 - LinkedInScraper - INFO - Successfully scraped: Software Engineer II, Backend (Credit Decisioning)  at Affirm
2026-01-25 18:06:07,450 - LinkedInScraper - INFO - Successfully scraped: Product Manager at Lemurian Labs
2026-01-25 18:06:08,473 - LinkedInScraper - INFO - Successfully scraped: Senior Software Engineer  at Sitetracker
2026-01-25 18:06:09,429 - LinkedInScraper - INFO - Successfully scraped: Compiler Code Gen Engineer at Lemurian Labs
2026-01-25 18:06:10,468 - LinkedInScraper - INFO - Successfully scraped: Senior Data Engineer (Microservices) - Toronto, ON  at League
2026-01-25 18:06:11,511 - LinkedInScraper - INFO - Successfully scraped: Staff Engineer, Search Systems  at MongoDB
2026-01-25 18:06:12,484 - LinkedInScraper - INFO - Successfully scraped: Sr Cloud Automation Engineer at Notified
2026-01-25 18:06:13,447 - LinkedInScraper - INFO - Successfully scraped: Financial Risk Management Market Risk Manager  at PwC Canada
2026-01-25 18:06:14,416 - LinkedInScraper - INFO - Successfully scraped: Associate Director - Stress Testing & Treasury Analytics Caribbean  at RBC
2026-01-25 18:06:15,539 - LinkedInScraper - INFO - Successfully scraped: Sr. Data Consultant, Business Intelligence / Consultant principal de données, Informatique décisionnelle  at ADP
2026-01-25 18:06:16,579 - LinkedInScraper - INFO - Successfully scraped: Associate, Product Management & Development  at S&P Global
2026-01-25 18:06:17,559 - LinkedInScraper - INFO - Successfully scraped: Senior Consultant - Data Engineer (Data Conversion & Reconciliation)  at Deloitte Canada
2026-01-25 18:06:18,606 - LinkedInScraper - INFO - Successfully scraped: Senior Manager, Analytics & Experimentation // Gestionnaire senior, Analyse et expérimentation  at Mistplay Inc
2026-01-25 18:06:19,573 - LinkedInScraper - INFO - Successfully scraped: Compiler Tech Lead at Lemurian Labs
2026-01-25 18:06:19,575 - LinkedInScraper - INFO - Pagination end reached. Terminating scrape loop.
2026-01-25 18:06:19,576 - LinkedInScraper - INFO - Saving 40 jobs to C:\Users\CXY\Downloads\job-matcher\data\job_posts\complete_posts\20260125_Machine Learning_Toronto, Ontario, Canada_Past 24 hours.csv...
2026-01-25 18:06:19,585 - LinkedInScraper - INFO - File saved successfully.
2026-01-25 18:06:19,587 - LinkedInScraper - INFO - Filtered 0 eligible jobs and saved to C:\Users\CXY\Downloads\job-matcher\data\job_posts\filtered_posts\20260125_Arron_Machine Learning_Toronto, Ontario, Canada_Past 24 hours_filtered.csv
2026-01-25 18:06:19,587 - LinkedInScraper - INFO - Task completed successfully.
2026-01-25 18:06:19,587 - LinkedInScraper - INFO - Closing browser resources.
