2026-01-25 18:09:46,593 - utils.config_loader - INFO - Loading configuration from: C:\Users\CXY\Downloads\job-matcher\config\config_arron.yaml
2026-01-25 18:09:46,596 - LinkedInScraper - INFO - Starting task for [Arron]: Machine Learning in Toronto, Ontario, Canada
2026-01-25 18:09:46,596 - LinkedInScraper - INFO - Initializing Playwright and launching browser...
2026-01-25 18:09:47,305 - LinkedInScraper - INFO - Browser session started successfully.
2026-01-25 18:09:47,306 - LinkedInScraper - INFO - Navigating to LinkedIn job search page...
2026-01-25 18:09:48,532 - LinkedInScraper - INFO - Sign-in button not found. User may already be logged in.
2026-01-25 18:09:48,541 - LinkedInScraper - INFO - Executing search for keywords: 'Machine Learning' in 'Toronto, Ontario, Canada'
2026-01-25 18:09:48,860 - LinkedInScraper - INFO - Applying time filter: Past 24 hours
2026-01-25 18:09:51,271 - LinkedInScraper - INFO - Setting location filter: 10km
2026-01-25 18:09:53,354 - LinkedInScraper - INFO - Location filters applied successfully.
2026-01-25 18:09:53,354 - LinkedInScraper - INFO - Starting job scraping sequence...
2026-01-25 18:09:54,706 - LinkedInScraper - INFO - Page content loaded. Extracting job cards...
2026-01-25 18:09:54,715 - LinkedInScraper - INFO - Found 25 jobs on the current page.
2026-01-25 18:09:55,321 - LinkedInScraper - INFO - Successfully scraped: Data Scientist  at Dawn InfoTek
2026-01-25 18:09:56,408 - LinkedInScraper - INFO - Successfully scraped: Machine Learning Architect (AWS) - Canada  at RACKSPACE
2026-01-25 18:09:57,458 - LinkedInScraper - INFO - Successfully scraped: Staff Applied Scientist, AI/ML  at Kinaxis
2026-01-25 18:09:59,059 - LinkedInScraper - INFO - Successfully scraped: Senior ML Platform Engineer  at Kobo
2026-01-25 18:10:00,180 - LinkedInScraper - INFO - Successfully scraped: Staff Data Scientist I  at Mistplay Inc
2026-01-25 18:10:01,226 - LinkedInScraper - INFO - Successfully scraped: Software Engineer, Gen AI & Web Apps  at BenchSci
2026-01-25 18:10:02,330 - LinkedInScraper - INFO - Successfully scraped: Member of Technical Staff, Next Generation Agents  at Cohere
2026-01-25 18:10:03,831 - LinkedInScraper - INFO - Successfully scraped: Senior ML Performance Engineer at Lemurian Labs
2026-01-25 18:10:04,929 - LinkedInScraper - INFO - Successfully scraped: Senior ML Platform / ML Infrastructure Engineer II  at Mistplay Inc
2026-01-25 18:10:05,940 - LinkedInScraper - INFO - Successfully scraped: ML Compiler Engineer , AWS Neuron, Annapurna Labs  at Amazon Web Services (AWS)
2026-01-25 18:10:07,476 - LinkedInScraper - INFO - Successfully scraped: Generative AI, RD and Innovation Manager, Deloitte Global Technology  at Deloitte Canada
2026-01-25 18:10:09,451 - LinkedInScraper - INFO - Successfully scraped: Senior AI Consultant Engineer at UST
2026-01-25 18:10:10,471 - LinkedInScraper - INFO - Successfully scraped: Runtime Engineer at Lemurian Labs
2026-01-25 18:10:11,581 - LinkedInScraper - INFO - Successfully scraped: Manager, Advanced Analytics and Artificial Intelligence (AI)  at RSM Canada
2026-01-25 18:10:12,577 - LinkedInScraper - INFO - Successfully scraped: Applied Science Manager III, RBKS AI  at Amazon
2026-01-25 18:10:13,648 - LinkedInScraper - INFO - Successfully scraped: Senior Software Engineer - AI/Computer Vision (Camera Systems)  at Motorola Solutions
2026-01-25 18:10:14,649 - LinkedInScraper - INFO - Successfully scraped: Technical Project Manager – Agentic AI Technologies  at Techedin
2026-01-25 18:10:15,723 - LinkedInScraper - INFO - Successfully scraped: Director of AI Technical Marketing  at Equinix
2026-01-25 18:10:16,800 - LinkedInScraper - INFO - Successfully scraped: Software Developer II at Blue J
2026-01-25 18:10:17,954 - LinkedInScraper - INFO - Successfully scraped: Data Analyst  at Zynga
2026-01-25 18:10:19,054 - LinkedInScraper - INFO - Successfully scraped: Senior Software Developer at Blue J
2026-01-25 18:10:20,110 - LinkedInScraper - INFO - Successfully scraped: Analytics Engineer at Kobo
2026-01-25 18:10:21,215 - LinkedInScraper - INFO - Successfully scraped: Principal Backend Developer  at Autodesk
2026-01-25 18:10:22,336 - LinkedInScraper - INFO - Successfully scraped: Senior Software Engineer  at Morningstar
2026-01-25 18:10:23,517 - LinkedInScraper - INFO - Successfully scraped: Quality Engineer II, AI Platform  at TD
2026-01-25 18:10:23,521 - LinkedInScraper - INFO - Navigating to next page...
2026-01-25 18:10:24,386 - LinkedInScraper - INFO - Page content loaded. Extracting job cards...
2026-01-25 18:10:24,389 - LinkedInScraper - INFO - Found 15 jobs on the current page.
2026-01-25 18:10:25,351 - LinkedInScraper - INFO - Successfully scraped: GCP Data Analyst - BigQuery (Canada)  at RACKSPACE
2026-01-25 18:10:26,315 - LinkedInScraper - INFO - Successfully scraped: Product Manager at Lemurian Labs
2026-01-25 18:10:27,813 - LinkedInScraper - INFO - Successfully scraped: Senior Software Engineer  at Sitetracker
2026-01-25 18:10:28,863 - LinkedInScraper - INFO - Successfully scraped: Software Engineer II, Backend (Credit Decisioning)  at Affirm
2026-01-25 18:10:29,839 - LinkedInScraper - INFO - Successfully scraped: Compiler Code Gen Engineer at Lemurian Labs
2026-01-25 18:10:30,819 - LinkedInScraper - INFO - Successfully scraped: Senior Data Engineer (Microservices) - Toronto, ON  at League
2026-01-25 18:10:31,799 - LinkedInScraper - INFO - Successfully scraped: Staff Engineer, Search Systems  at MongoDB
2026-01-25 18:10:32,839 - LinkedInScraper - INFO - Successfully scraped: Sr Cloud Automation Engineer at Notified
2026-01-25 18:10:33,813 - LinkedInScraper - INFO - Successfully scraped: Financial Risk Management Market Risk Manager  at PwC Canada
2026-01-25 18:10:34,785 - LinkedInScraper - INFO - Successfully scraped: Associate Director - Stress Testing & Treasury Analytics Caribbean  at RBC
2026-01-25 18:10:35,758 - LinkedInScraper - INFO - Successfully scraped: Associate, Product Management & Development  at S&P Global
2026-01-25 18:10:36,722 - LinkedInScraper - INFO - Successfully scraped: Sr. Data Consultant, Business Intelligence / Consultant principal de données, Informatique décisionnelle  at ADP
2026-01-25 18:10:37,720 - LinkedInScraper - INFO - Successfully scraped: Senior Consultant - Data Engineer (Data Conversion & Reconciliation)  at Deloitte Canada
2026-01-25 18:10:38,701 - LinkedInScraper - INFO - Successfully scraped: Senior Manager, Analytics & Experimentation // Gestionnaire senior, Analyse et expérimentation  at Mistplay Inc
2026-01-25 18:10:39,678 - LinkedInScraper - INFO - Successfully scraped: Compiler Tech Lead at Lemurian Labs
2026-01-25 18:10:39,680 - LinkedInScraper - INFO - Pagination end reached. Terminating scrape loop.
2026-01-25 18:10:39,681 - LinkedInScraper - INFO - Saving 40 jobs to C:\Users\CXY\Downloads\job-matcher\data\job_posts\complete_posts\20260125_Machine Learning_Toronto, Ontario, Canada_Past 24 hours.csv...
2026-01-25 18:10:39,688 - LinkedInScraper - INFO - File saved successfully.
2026-01-25 18:10:39,693 - LinkedInScraper - INFO - Filtered 21 eligible jobs and saved to C:\Users\CXY\Downloads\job-matcher\data\job_posts\filtered_posts\20260125_Arron_Machine Learning_Toronto, Ontario, Canada_Past 24 hours_filtered.csv
2026-01-25 18:10:39,693 - LinkedInScraper - INFO - Task completed successfully.
2026-01-25 18:10:39,693 - LinkedInScraper - INFO - Closing browser resources.
