2026-01-25 17:57:13,846 - utils.config_loader - INFO - Loading configuration from: C:\Users\CXY\Downloads\job-matcher\config\config_arron.yaml
2026-01-25 17:57:13,848 - LinkedInScraper - INFO - Starting task for [Arron]: Machine Learning in Toronto, Ontario, Canada
2026-01-25 17:57:13,848 - LinkedInScraper - INFO - Initializing Playwright and launching browser...
2026-01-25 17:57:14,479 - LinkedInScraper - INFO - Browser session started successfully.
2026-01-25 17:57:14,480 - LinkedInScraper - INFO - Navigating to LinkedIn job search page...
2026-01-25 17:57:15,466 - LinkedInScraper - INFO - Sign-in button not found. User may already be logged in.
2026-01-25 17:57:15,473 - LinkedInScraper - INFO - Executing search for keywords: 'Machine Learning' in 'Toronto, Ontario, Canada'
2026-01-25 17:57:15,785 - LinkedInScraper - INFO - Applying time filter: Past 24 hours
2026-01-25 17:57:17,737 - LinkedInScraper - INFO - Setting location filter: 10km
2026-01-25 17:57:19,941 - LinkedInScraper - INFO - Location filters applied successfully.
2026-01-25 17:57:19,941 - LinkedInScraper - INFO - Starting job scraping sequence...
2026-01-25 17:57:21,314 - LinkedInScraper - INFO - Page content loaded. Extracting job cards...
2026-01-25 17:57:21,324 - LinkedInScraper - INFO - Found 25 jobs on the current page.
2026-01-25 17:57:21,990 - LinkedInScraper - INFO - Successfully scraped: Data Scientist  at Dawn InfoTek
2026-01-25 17:57:23,032 - LinkedInScraper - INFO - Successfully scraped: Staff Applied Scientist, AI/ML  at Kinaxis
2026-01-25 17:57:24,129 - LinkedInScraper - INFO - Successfully scraped: Machine Learning Architect (AWS) - Canada  at RACKSPACE
2026-01-25 17:57:25,173 - LinkedInScraper - INFO - Successfully scraped: Software Engineer, Gen AI & Web Apps  at BenchSci
2026-01-25 17:57:26,270 - LinkedInScraper - INFO - Successfully scraped: Applied Science Manager III, RBKS AI  at Amazon
2026-01-25 17:57:27,262 - LinkedInScraper - INFO - Successfully scraped: Senior ML Platform Engineer  at Kobo
2026-01-25 17:57:28,357 - LinkedInScraper - INFO - Successfully scraped: Staff Data Scientist I  at Mistplay Inc
2026-01-25 17:57:29,357 - LinkedInScraper - INFO - Successfully scraped: Member of Technical Staff, Next Generation Agents  at Cohere
2026-01-25 17:57:30,431 - LinkedInScraper - INFO - Successfully scraped: Senior ML Performance Engineer at Lemurian Labs
2026-01-25 17:57:31,435 - LinkedInScraper - INFO - Successfully scraped: ML Compiler Engineer , AWS Neuron, Annapurna Labs  at Amazon Web Services (AWS)
2026-01-25 17:57:32,523 - LinkedInScraper - INFO - Successfully scraped: Senior ML Platform / ML Infrastructure Engineer II  at Mistplay Inc
2026-01-25 17:57:33,533 - LinkedInScraper - INFO - Successfully scraped: Generative AI, RD and Innovation Manager, Deloitte Global Technology  at Deloitte Canada
2026-01-25 17:57:35,153 - LinkedInScraper - INFO - Successfully scraped: Manager, Advanced Analytics and Artificial Intelligence (AI)  at RSM Canada
2026-01-25 17:57:36,302 - LinkedInScraper - INFO - Successfully scraped: Senior AI Consultant Engineer at UST
2026-01-25 17:57:37,370 - LinkedInScraper - INFO - Successfully scraped: Runtime Engineer at Lemurian Labs
2026-01-25 17:57:38,454 - LinkedInScraper - INFO - Successfully scraped: Senior Software Engineer - AI/Computer Vision (Camera Systems)  at Motorola Solutions
2026-01-25 17:57:39,539 - LinkedInScraper - INFO - Successfully scraped: Technical Project Manager – Agentic AI Technologies  at Techedin
2026-01-25 17:57:40,586 - LinkedInScraper - INFO - Successfully scraped: Director of AI Technical Marketing  at Equinix
2026-01-25 17:57:41,683 - LinkedInScraper - INFO - Successfully scraped: Senior Software Developer at Blue J
2026-01-25 17:57:42,773 - LinkedInScraper - INFO - Successfully scraped: Software Developer II at Blue J
2026-01-25 17:57:43,828 - LinkedInScraper - INFO - Successfully scraped: Data Analyst  at Zynga
2026-01-25 17:57:44,820 - LinkedInScraper - INFO - Successfully scraped: Software Engineer II, Backend (Credit Decisioning)  at Affirm
2026-01-25 17:57:45,908 - LinkedInScraper - INFO - Successfully scraped: Principal Backend Developer  at Autodesk
2026-01-25 17:57:47,033 - LinkedInScraper - INFO - Successfully scraped: Analytics Engineer at Kobo
2026-01-25 17:57:48,127 - LinkedInScraper - INFO - Successfully scraped: Senior Software Engineer  at Morningstar
2026-01-25 17:57:48,131 - LinkedInScraper - INFO - Navigating to next page...
2026-01-25 17:57:49,021 - LinkedInScraper - INFO - Page content loaded. Extracting job cards...
2026-01-25 17:57:49,026 - LinkedInScraper - INFO - Found 15 jobs on the current page.
2026-01-25 17:57:50,066 - LinkedInScraper - INFO - Successfully scraped: Quality Engineer II, AI Platform  at TD
2026-01-25 17:57:51,036 - LinkedInScraper - INFO - Successfully scraped: GCP Data Analyst - BigQuery (Canada)  at RACKSPACE
2026-01-25 17:57:51,989 - LinkedInScraper - INFO - Successfully scraped: Product Manager at Lemurian Labs
2026-01-25 17:57:53,029 - LinkedInScraper - INFO - Successfully scraped: Senior Software Engineer  at Sitetracker
2026-01-25 17:57:54,098 - LinkedInScraper - INFO - Successfully scraped: Compiler Code Gen Engineer at Lemurian Labs
2026-01-25 17:57:55,186 - LinkedInScraper - INFO - Successfully scraped: Senior Data Engineer (Microservices) - Toronto, ON  at League
2026-01-25 17:57:56,217 - LinkedInScraper - INFO - Successfully scraped: Staff Engineer, Search Systems  at MongoDB
2026-01-25 17:57:57,194 - LinkedInScraper - INFO - Successfully scraped: Sr Cloud Automation Engineer at Notified
2026-01-25 17:57:58,207 - LinkedInScraper - INFO - Successfully scraped: Financial Risk Management Market Risk Manager  at PwC Canada
2026-01-25 17:57:59,202 - LinkedInScraper - INFO - Successfully scraped: Sr. Data Consultant, Business Intelligence / Consultant principal de données, Informatique décisionnelle  at ADP
2026-01-25 17:58:00,214 - LinkedInScraper - INFO - Successfully scraped: Associate Director - Stress Testing & Treasury Analytics Caribbean  at RBC
2026-01-25 17:58:01,174 - LinkedInScraper - INFO - Successfully scraped: Associate, Product Management & Development  at S&P Global
2026-01-25 17:58:02,152 - LinkedInScraper - INFO - Successfully scraped: Senior Consultant - Data Engineer (Data Conversion & Reconciliation)  at Deloitte Canada
2026-01-25 17:58:03,123 - LinkedInScraper - INFO - Successfully scraped: Senior Manager, Analytics & Experimentation // Gestionnaire senior, Analyse et expérimentation  at Mistplay Inc
2026-01-25 17:58:04,088 - LinkedInScraper - INFO - Successfully scraped: Compiler Tech Lead at Lemurian Labs
2026-01-25 17:58:04,091 - LinkedInScraper - INFO - Pagination end reached. Terminating scrape loop.
2026-01-25 17:58:04,091 - LinkedInScraper - INFO - Saving 40 jobs to C:\Users\CXY\Downloads\job-matcher\data\job_posts\complete_posts\20260125_Machine Learning_Toronto, Ontario, Canada_Past 24 hours.csv...
2026-01-25 17:58:04,099 - LinkedInScraper - INFO - File saved successfully.
2026-01-25 17:58:04,103 - LinkedInScraper - INFO - Filtered 21 eligible jobs and saved to C:\Users\CXY\Downloads\job-matcher\data\job_posts\filtered_posts\20260125_Arron_Machine Learning_Toronto, Ontario, Canada_Past 24 hours_filtered.csv
2026-01-25 17:58:04,103 - LinkedInScraper - INFO - Task completed successfully.
2026-01-25 17:58:04,104 - LinkedInScraper - INFO - Closing browser resources.
