2026-01-27 00:14:08,693 - utils.config_loader - INFO - Loading configuration from: C:\Users\CXY\Downloads\job-matcher\config\config_arron.yaml
2026-01-27 00:14:08,695 - LinkedInScraper - INFO - Starting task for [Arron]: Machine Learning in Toronto, Ontario, Canada
2026-01-27 00:14:08,695 - LinkedInScraper - INFO - Initializing Playwright and launching browser...
2026-01-27 00:14:10,220 - LinkedInScraper - INFO - Browser session started successfully.
2026-01-27 00:14:10,220 - LinkedInScraper - INFO - Navigating to LinkedIn job search page...
2026-01-27 00:14:11,899 - LinkedInScraper - INFO - Sign-in button not found. User may already be logged in.
2026-01-27 00:14:11,907 - LinkedInScraper - INFO - Executing search for keywords: 'Machine Learning' in 'Toronto, Ontario, Canada'
2026-01-27 00:14:12,138 - LinkedInScraper - INFO - Applying time filter: Past 24 hours
2026-01-27 00:14:14,697 - LinkedInScraper - INFO - Setting location filter: 10km
2026-01-27 00:14:17,269 - LinkedInScraper - INFO - Location filters applied successfully.
2026-01-27 00:14:17,270 - LinkedInScraper - INFO - Starting job scraping sequence...
2026-01-27 00:14:18,839 - LinkedInScraper - INFO - Page content loaded. Extracting job cards...
2026-01-27 00:14:18,847 - LinkedInScraper - INFO - Found 25 jobs on the current page.
2026-01-27 00:14:19,526 - LinkedInScraper - INFO - Successfully scraped: Quantitative Developer at Mindlance
2026-01-27 00:14:20,642 - LinkedInScraper - INFO - Successfully scraped: Machine Learning Architect (AWS) - Canada  at RACKSPACE
2026-01-27 00:14:21,795 - LinkedInScraper - INFO - Successfully scraped: Research Machine Learning Scientist II  at TD
2026-01-27 00:14:22,877 - LinkedInScraper - INFO - Successfully scraped: AI Engineer  at Manulife
2026-01-27 00:14:23,872 - LinkedInScraper - INFO - Successfully scraped: Machine Learning Engineer at Altera
2026-01-27 00:14:24,853 - LinkedInScraper - INFO - Successfully scraped: ML Ops Engineer  at Tata Consultancy Services
2026-01-27 00:14:25,818 - LinkedInScraper - INFO - Successfully scraped: Machine Learning Engineer  at Tata Consultancy Services
2026-01-27 00:14:26,855 - LinkedInScraper - INFO - Successfully scraped: Senior Applied Machine Learning Scientist, Predictive AI(B3617)  at TD
2026-01-27 00:14:27,946 - LinkedInScraper - INFO - Successfully scraped: Machine Learning Engineer / Data Scientist at Fusemachines
2026-01-27 00:14:29,092 - LinkedInScraper - INFO - Successfully scraped: Machine Learning Engineer  at Scribd, Inc.
2026-01-27 00:14:30,199 - LinkedInScraper - INFO - Successfully scraped: Senior Machine Learning Developer  at Autodesk
2026-01-27 00:14:31,359 - LinkedInScraper - INFO - Successfully scraped: Manager, Modelling and Best Practices (Ontario, Atlantic and Western regions)  at Desjardins
2026-01-27 00:14:32,450 - LinkedInScraper - WARNING - Could not extract description details for Machine Learning Engineer - AI Data Trainer at Alignerr.
2026-01-27 00:14:32,459 - LinkedInScraper - INFO - Successfully scraped: Machine Learning Engineer - AI Data Trainer at Alignerr
2026-01-27 00:14:34,066 - LinkedInScraper - WARNING - Could not extract description details for Staff AI Software Engineer  at Sanofi.
2026-01-27 00:14:34,069 - LinkedInScraper - INFO - Successfully scraped: Staff AI Software Engineer  at Sanofi
2026-01-27 00:14:35,183 - LinkedInScraper - INFO - Successfully scraped: Senior ML Performance Engineer at Lemurian Labs
2026-01-27 00:14:36,251 - LinkedInScraper - INFO - Successfully scraped: Runtime Engineer at Lemurian Labs
2026-01-27 00:14:37,334 - LinkedInScraper - INFO - Successfully scraped: Senior ML Platform Engineer at Kobo
2026-01-27 00:14:39,328 - LinkedInScraper - INFO - Successfully scraped: Senior Machine Learning Engineer  at Kumaran Systems
2026-01-27 00:14:40,453 - LinkedInScraper - INFO - Successfully scraped: Gen AI Solution Lead  at Yochana
2026-01-27 00:14:41,598 - LinkedInScraper - INFO - Successfully scraped: Principal Software Engineer - AI/ML  at TDL Group
2026-01-27 00:14:42,703 - LinkedInScraper - INFO - Successfully scraped: Specialist, Scoring and Modeling  at Fairstone Bank
2026-01-27 00:14:43,801 - LinkedInScraper - INFO - Successfully scraped: GenerativeAI Developer at Pacer Group
2026-01-27 00:14:44,772 - LinkedInScraper - INFO - Successfully scraped: Artificial Intelligence Engineer at Tekshapers
2026-01-27 00:14:45,778 - LinkedInScraper - INFO - Successfully scraped: Applied Machine Learning Intern  at Vector Institute
2026-01-27 00:14:46,994 - LinkedInScraper - WARNING - Could not extract description details for Data Scientist (Masters) - AI Data Trainer at Alignerr.
2026-01-27 00:14:47,009 - LinkedInScraper - INFO - Successfully scraped: Data Scientist (Masters) - AI Data Trainer at Alignerr
2026-01-27 00:14:47,016 - LinkedInScraper - INFO - Navigating to next page...
2026-01-27 00:14:48,933 - LinkedInScraper - INFO - Page content loaded. Extracting job cards...
2026-01-27 00:14:48,937 - LinkedInScraper - INFO - Found 25 jobs on the current page.
2026-01-27 00:14:49,606 - LinkedInScraper - INFO - Successfully scraped: Senior Research Machine Learning Scientist (B3617)  at TD
2026-01-27 00:14:50,683 - LinkedInScraper - INFO - Successfully scraped: Data Scientist  at Manulife
2026-01-27 00:14:51,837 - LinkedInScraper - WARNING - Could not extract description details for Data Scientist  at Sanofi.
2026-01-27 00:14:51,841 - LinkedInScraper - INFO - Successfully scraped: Data Scientist  at Sanofi
2026-01-27 00:14:52,841 - LinkedInScraper - INFO - Successfully scraped: Scientifique II, Recherche en apprentissage automatique  at TD
2026-01-27 00:14:54,008 - LinkedInScraper - WARNING - Could not extract description details for Machine Learning Engineer - AI Data Trainer at Alignerr.
2026-01-27 00:14:54,022 - LinkedInScraper - INFO - Successfully scraped: Machine Learning Engineer - AI Data Trainer at Alignerr
2026-01-27 00:14:55,126 - LinkedInScraper - INFO - Successfully scraped: Practicum Student – AI-driven respiratory virus forecasting  at Public Health Ontario
2026-01-27 00:14:56,244 - LinkedInScraper - INFO - Successfully scraped: Data Science Manager  at Deloitte Canada
2026-01-27 00:14:57,329 - LinkedInScraper - INFO - Successfully scraped: Gen AI Developer  at Virtusa - IN
2026-01-27 00:14:58,364 - LinkedInScraper - INFO - Successfully scraped: GTM AI Operator  at FacilityOS
2026-01-27 00:14:59,490 - LinkedInScraper - INFO - Successfully scraped: Director of AI  at Apply Digital
2026-01-27 00:15:00,545 - LinkedInScraper - INFO - Successfully scraped: Software Dev. Sr. Specialist Advisor  at NTT DATA AMERICAS, INC.
2026-01-27 00:15:01,633 - LinkedInScraper - INFO - Successfully scraped: Data Scientist  at Scotiabank
2026-01-27 00:15:02,797 - LinkedInScraper - INFO - Successfully scraped: Senior Product Analytics Engineer  at Faire Wholesale, Inc.
2026-01-27 00:15:03,964 - LinkedInScraper - WARNING - Could not extract description details for Data Science Expert - AI Content Specialist at Alignerr.
2026-01-27 00:15:03,968 - LinkedInScraper - INFO - Successfully scraped: Data Science Expert - AI Content Specialist at Alignerr
2026-01-27 00:15:05,558 - LinkedInScraper - INFO - Successfully scraped: Senior Data Scientist, Decisions - Trust & Safety  at Lyft
2026-01-27 00:15:06,612 - LinkedInScraper - INFO - Successfully scraped: Principal Engineer  at Thomson Reuters
2026-01-27 00:15:08,189 - LinkedInScraper - INFO - Successfully scraped: Manager, Strategic Risk Insights  at RBC
2026-01-27 00:15:09,318 - LinkedInScraper - INFO - Successfully scraped: ML Kernel Performance Engineer, AWS Neuron, Annapurna Labs  at Amazon Web Services (AWS)
2026-01-27 00:15:10,443 - LinkedInScraper - INFO - Successfully scraped: Intern - Risk, Models and Asset Liability (May 2026 - 12 months)  at OntarioTeachers
2026-01-27 00:15:11,492 - LinkedInScraper - INFO - Successfully scraped: Senior Full Stack Developer  at Insight Global
2026-01-27 00:15:12,685 - LinkedInScraper - INFO - Successfully scraped: Staff Data Scientist I  at Mistplay Inc
2026-01-27 00:15:13,895 - LinkedInScraper - WARNING - Could not extract description details for Student Researcher, BS/MS, Winter/Summer 2026 at Google.
2026-01-27 00:15:43,907 - LinkedInScraper - INFO - Successfully scraped: Student Researcher, BS/MS, Winter/Summer 2026 at Google
2026-01-27 00:15:45,009 - LinkedInScraper - INFO - Successfully scraped: Data Solutions Consultant  at Klick
2026-01-27 00:15:46,133 - LinkedInScraper - INFO - Successfully scraped: Sr. AI Scientist, Advanced Analytics and AI  at CIBC
2026-01-27 00:15:47,218 - LinkedInScraper - INFO - Successfully scraped: Software Engineer, Data & Retrieval  at BenchSci
2026-01-27 00:15:47,223 - LinkedInScraper - INFO - Navigating to next page...
2026-01-27 00:15:48,619 - LinkedInScraper - INFO - Page content loaded. Extracting job cards...
2026-01-27 00:15:48,627 - LinkedInScraper - INFO - Found 25 jobs on the current page.
2026-01-27 00:15:49,298 - LinkedInScraper - INFO - Successfully scraped: Senior Applied Machine Learning Scientist, Conversational AI (B3617)  at TD
2026-01-27 00:15:50,380 - LinkedInScraper - INFO - Successfully scraped: Scientifique principal, Recherche en apprentissage automatique  at TD
2026-01-27 00:15:51,541 - LinkedInScraper - WARNING - Could not extract description details for Senior Machine Learning Expert at Alignerr.
2026-01-27 00:15:51,549 - LinkedInScraper - INFO - Successfully scraped: Senior Machine Learning Expert at Alignerr
2026-01-27 00:15:52,745 - LinkedInScraper - WARNING - Could not extract description details for Senior Machine Learning Engineer - AI Data Trainer at Alignerr.
2026-01-27 00:15:52,759 - LinkedInScraper - INFO - Successfully scraped: Senior Machine Learning Engineer - AI Data Trainer at Alignerr
2026-01-27 00:15:53,863 - LinkedInScraper - INFO - Successfully scraped: Software Dev. Sr. Specialist Advisor  at NTT DATA AMERICAS, INC.
2026-01-27 00:15:54,898 - LinkedInScraper - INFO - Successfully scraped: Senior ML Platform / ML Infrastructure Engineer II  at Mistplay Inc
2026-01-27 00:15:55,965 - LinkedInScraper - INFO - Successfully scraped: Advanced AI Gameplay Programmer at Certain Affinity, Inc
2026-01-27 00:15:57,056 - LinkedInScraper - INFO - Successfully scraped: Senior Computer Vision and Machine Learning Engineer, Creativity Apps  at Apple
2026-01-27 00:15:58,140 - LinkedInScraper - INFO - Successfully scraped: University Co-Op Student-Data Scientist-12 Months, Toronto, Summer 2026  at Hydro One Networks Inc
2026-01-27 00:15:59,260 - LinkedInScraper - INFO - Successfully scraped: Intern - Enterprise Architecture and Emerging Technologies (May 2026 - 16 months)  at OntarioTeachers
2026-01-27 00:16:00,347 - LinkedInScraper - INFO - Successfully scraped: Spécialiste, Notation et modélisation-FR  at Fairstone Bank
2026-01-27 00:16:01,453 - LinkedInScraper - INFO - Successfully scraped: Directeur ou directrice, Modélisation et Bonnes Pratiques (Ontario, Atlantique et Ouest)-FR  at Desjardins
2026-01-27 00:16:02,539 - LinkedInScraper - INFO - Successfully scraped: Staff Fullstack Engineer at CreatorIQ
2026-01-27 00:16:03,637 - LinkedInScraper - INFO - Successfully scraped: Measurement and Insights Co-op  at CIBC
2026-01-27 00:16:34,775 - LinkedInScraper - INFO - Successfully scraped: Étudiant-chercheur, baccalauréat ou maîtrise, hiver/été 2026 at Google
2026-01-27 00:16:36,022 - LinkedInScraper - WARNING - Could not extract description details for Student Researcher, PhD, Winter/Summer 2026 at Google.
2026-01-27 00:17:06,039 - LinkedInScraper - INFO - Successfully scraped: Student Researcher, PhD, Winter/Summer 2026 at Google
2026-01-27 00:17:07,163 - LinkedInScraper - INFO - Successfully scraped: Intern – Capital Markets, Quantitative Strategies and Research (September 2026 – 4 months)  at OntarioTeachers
2026-01-27 00:17:08,260 - LinkedInScraper - INFO - Successfully scraped: Senior Manager, Decision Support and Analytics  at Loblaw Companies Limited
2026-01-27 00:17:09,369 - LinkedInScraper - INFO - Successfully scraped: Principal Technical Consultant (AI), Platform Products Expert Implementation Services  at ServiceNow
2026-01-27 00:17:10,454 - LinkedInScraper - INFO - Successfully scraped: Manager - Credit Risk Model Validation  at BMO
2026-01-27 00:17:11,623 - LinkedInScraper - WARNING - Could not extract description details for Computer Engineering - AI Data Trainer at Alignerr.
2026-01-27 00:17:11,639 - LinkedInScraper - INFO - Successfully scraped: Computer Engineering - AI Data Trainer at Alignerr
2026-01-27 00:17:42,656 - LinkedInScraper - INFO - Successfully scraped: Étudiant-chercheur, doctorat, hiver/été 2026 at Google
2026-01-27 00:18:13,846 - LinkedInScraper - INFO - Successfully scraped: Stagiaire en recherche, doctorat, été 2026 at Google
2026-01-27 00:18:15,080 - LinkedInScraper - WARNING - Could not extract description details for Masters or PhD Researcher at Alignerr.
2026-01-27 00:18:15,099 - LinkedInScraper - INFO - Successfully scraped: Masters or PhD Researcher at Alignerr
2026-01-27 00:18:16,347 - LinkedInScraper - WARNING - Could not extract description details for Physics Masters - AI Data Trainer at Alignerr.
2026-01-27 00:18:16,376 - LinkedInScraper - INFO - Successfully scraped: Physics Masters - AI Data Trainer at Alignerr
2026-01-27 00:18:16,399 - LinkedInScraper - INFO - Navigating to next page...
2026-01-27 00:18:17,451 - LinkedInScraper - INFO - Page content loaded. Extracting job cards...
2026-01-27 00:18:17,490 - LinkedInScraper - INFO - Found 25 jobs on the current page.
2026-01-27 00:18:18,615 - LinkedInScraper - INFO - Successfully scraped: Senior Manager, Loss Forecasting  at RBC
2026-01-27 00:18:19,881 - LinkedInScraper - WARNING - Could not extract description details for Applied Physics - AI Data Trainer at Alignerr.
2026-01-27 00:18:19,904 - LinkedInScraper - INFO - Successfully scraped: Applied Physics - AI Data Trainer at Alignerr
2026-01-27 00:18:21,134 - LinkedInScraper - WARNING - Could not extract description details for Mechanical Engineering - AI Data Trainer at Alignerr.
2026-01-27 00:18:21,152 - LinkedInScraper - INFO - Successfully scraped: Mechanical Engineering - AI Data Trainer at Alignerr
2026-01-27 00:18:22,380 - LinkedInScraper - WARNING - Could not extract description details for Chemistry Masters - AI Data Trainer at Alignerr.
2026-01-27 00:18:22,406 - LinkedInScraper - INFO - Successfully scraped: Chemistry Masters - AI Data Trainer at Alignerr
2026-01-27 00:18:23,651 - LinkedInScraper - WARNING - Could not extract description details for Environmental Engineering - AI Data Trainer at Alignerr.
2026-01-27 00:18:23,674 - LinkedInScraper - INFO - Successfully scraped: Environmental Engineering - AI Data Trainer at Alignerr
2026-01-27 00:18:24,933 - LinkedInScraper - WARNING - Could not extract description details for Environmental Engineering - AI Data Trainer at Alignerr.
2026-01-27 00:18:24,951 - LinkedInScraper - INFO - Successfully scraped: Environmental Engineering - AI Data Trainer at Alignerr
2026-01-27 00:18:26,149 - LinkedInScraper - WARNING - Could not extract description details for Health Policy & Management - AI Data Trainer at Alignerr.
2026-01-27 00:18:26,177 - LinkedInScraper - INFO - Successfully scraped: Health Policy & Management - AI Data Trainer at Alignerr
2026-01-27 00:18:27,467 - LinkedInScraper - WARNING - Could not extract description details for General Postdoctoral Researcher (Masters/PhDs) at Alignerr.
2026-01-27 00:18:27,472 - LinkedInScraper - INFO - Successfully scraped: General Postdoctoral Researcher (Masters/PhDs) at Alignerr
2026-01-27 00:18:28,687 - LinkedInScraper - WARNING - Could not extract description details for Biochemist - AI Data Trainer at Alignerr.
2026-01-27 00:18:28,696 - LinkedInScraper - INFO - Successfully scraped: Biochemist - AI Data Trainer at Alignerr
2026-01-27 00:18:29,884 - LinkedInScraper - INFO - Successfully scraped: Technical Project Manager – Agentic AI Technologies  at Techedin
2026-01-27 00:18:31,086 - LinkedInScraper - INFO - Successfully scraped: Sr. Solution Engineer (IT CoE)  at Automation Anywhere
2026-01-27 00:18:32,613 - LinkedInScraper - INFO - Successfully scraped: Compiler Code Gen Engineer at Lemurian Labs
2026-01-27 00:18:33,790 - LinkedInScraper - INFO - Successfully scraped: Senior Software Engineer  at Sitetracker
2026-01-27 00:18:35,126 - LinkedInScraper - INFO - Successfully scraped: Manager, Portfolio Analytics & MIS (RESL)  at Scotiabank
2026-01-27 00:18:36,314 - LinkedInScraper - INFO - Successfully scraped: Data Engineer  at Insight Global
2026-01-27 00:18:37,998 - LinkedInScraper - INFO - Successfully scraped: Product Manager at Lemurian Labs
2026-01-27 00:18:39,128 - LinkedInScraper - INFO - Successfully scraped: Information Security Specialist (Information Security Specialist – AI Penetration Tester)(B3617) EVMAI  at TD
2026-01-27 00:18:40,243 - LinkedInScraper - INFO - Successfully scraped: Data & Insights Specialist (12 Month Fixed Term)  at WCG Services
2026-01-27 00:18:41,392 - LinkedInScraper - INFO - Successfully scraped: Engineer II Cloud (Security and AI Test Automation Engineer) B3617  at TD
2026-01-27 00:18:42,503 - LinkedInScraper - INFO - Successfully scraped: AI Product Manager  at Medcan
2026-01-27 00:18:43,709 - LinkedInScraper - INFO - Successfully scraped: Software Engineer (entry)  at Jerry
2026-01-27 00:18:44,829 - LinkedInScraper - INFO - Successfully scraped: Site Reliability Engineer, AI/ML Infrastructure at Boson AI
2026-01-27 00:18:45,975 - LinkedInScraper - INFO - Successfully scraped: Data Engineer  at NLB Services
2026-01-27 00:18:47,061 - LinkedInScraper - INFO - Successfully scraped: Software Engineer - Node.JS & REST APIs at Smart IT Frame LLC
2026-01-27 00:18:48,167 - LinkedInScraper - INFO - Successfully scraped: Fullstack Software Engineer - AI Engineering  at Huron Consulting
2026-01-27 00:18:48,171 - LinkedInScraper - INFO - Navigating to next page...
2026-01-27 00:18:49,596 - LinkedInScraper - INFO - Page content loaded. Extracting job cards...
2026-01-27 00:18:49,605 - LinkedInScraper - INFO - Found 25 jobs on the current page.
2026-01-27 00:18:50,332 - LinkedInScraper - INFO - Successfully scraped: Senior Quantitative Analyst  at CIBC
2026-01-27 00:18:51,472 - LinkedInScraper - INFO - Successfully scraped: Senior Data Engineer - AWS Glue at Infotek Consulting Services Inc.
2026-01-27 00:18:52,561 - LinkedInScraper - INFO - Successfully scraped: Spécialiste, Sécurité de l'information  at TD
2026-01-27 00:18:53,673 - LinkedInScraper - INFO - Successfully scraped: Senior Specialist Model Validation  at BMO
2026-01-27 00:18:54,834 - LinkedInScraper - INFO - Successfully scraped: Security Architect - AI Threat Modeler (b3617)  at TD
2026-01-27 00:18:56,011 - LinkedInScraper - INFO - Successfully scraped: Business Transformation Associate  at Bell
2026-01-27 00:18:57,191 - LinkedInScraper - INFO - Successfully scraped: Databricks Data Architect, Deloitte Global Technology  at Deloitte Canada
2026-01-27 00:18:58,435 - LinkedInScraper - INFO - Successfully scraped: Software Application Engineer  at Kumaran Systems
2026-01-27 00:18:59,614 - LinkedInScraper - INFO - Successfully scraped: Data Governance Manager, Unstructured Data  at Manulife
2026-01-27 00:19:00,748 - LinkedInScraper - INFO - Successfully scraped: Application Support Engineer, Trilogy (Remote) - $60,000/year USD  at Crossover 
2026-01-27 00:19:01,788 - LinkedInScraper - INFO - Successfully scraped: Lead Software Architect, LearnWith.AI (Remote) - $200,000/year USD  at Crossover 
2026-01-27 00:19:02,895 - LinkedInScraper - INFO - Successfully scraped: Intermediate Microsoft Fabric Consultant at Dimensional Strategies Inc.
2026-01-27 00:19:04,027 - LinkedInScraper - INFO - Successfully scraped: Pharmaceutical Bioinformatician at Amaris Consulting
2026-01-27 00:19:05,139 - LinkedInScraper - INFO - Successfully scraped: Manager, Credit Risk Model Validation  at BMO
2026-01-27 00:19:06,288 - LinkedInScraper - INFO - Successfully scraped: Compiler Tech Lead at Lemurian Labs
2026-01-27 00:19:07,475 - LinkedInScraper - WARNING - Could not extract description details for AI / Emerging Tech Security Analyst at Alignerr.
2026-01-27 00:19:07,487 - LinkedInScraper - INFO - Successfully scraped: AI / Emerging Tech Security Analyst at Alignerr
2026-01-27 00:19:08,713 - LinkedInScraper - INFO - Successfully scraped: New Grad Program - Data, Analytics & AI- Toronto - June 2026  at Hydro One Networks Inc
2026-01-27 00:19:09,997 - LinkedInScraper - INFO - Successfully scraped: Actuarial Consultant / Senior Actuarial Consultant - Commercial Auto  at Wawanesa Mutual Insurance Company
2026-01-27 00:19:11,172 - LinkedInScraper - INFO - Successfully scraped: Intern - Finance, Risk Analytics (September 2026 - 4 months)  at OntarioTeachers
2026-01-27 00:19:12,464 - LinkedInScraper - WARNING - Could not extract description details for Patient Insights Product Owner  at Sanofi.
2026-01-27 00:19:12,489 - LinkedInScraper - INFO - Successfully scraped: Patient Insights Product Owner  at Sanofi
2026-01-27 00:19:13,714 - LinkedInScraper - WARNING - Could not extract description details for Digital R&D Decision Fabric Product Owner  at Sanofi.
2026-01-27 00:19:13,723 - LinkedInScraper - INFO - Successfully scraped: Digital R&D Decision Fabric Product Owner  at Sanofi
2026-01-27 00:19:14,858 - LinkedInScraper - INFO - Successfully scraped: Associé à la transformation des affaires  at Bell - FR
2026-01-27 00:19:16,014 - LinkedInScraper - INFO - Successfully scraped: Director, Credit Modeling & Methodology  at RBC
2026-01-27 00:19:17,294 - LinkedInScraper - INFO - Successfully scraped: Manager, Data Solutions  at Klick
2026-01-27 00:19:18,488 - LinkedInScraper - INFO - Successfully scraped: Intern - Finance, Risk Analytics (May 2026 - 4 months)  at OntarioTeachers
2026-01-27 00:19:18,495 - LinkedInScraper - INFO - Navigating to next page...
2026-01-27 00:19:19,486 - LinkedInScraper - INFO - Page content loaded. Extracting job cards...
2026-01-27 00:19:19,495 - LinkedInScraper - INFO - Found 25 jobs on the current page.
2026-01-27 00:19:20,536 - LinkedInScraper - INFO - Successfully scraped: Spécialiste, Sécurité de l'information  at TD
2026-01-27 00:19:21,830 - LinkedInScraper - INFO - Successfully scraped: Information Security Specialist (Information Security Specialist – AI Penetration Tester) (B3617) EVMAI  at TD
2026-01-27 00:19:23,389 - LinkedInScraper - INFO - Successfully scraped: L2 Support Engineer, Alpha (Remote) - $60,000/year USD  at Crossover 
2026-01-27 00:19:24,506 - LinkedInScraper - INFO - Successfully scraped: Technical Lead, LearnWith.AI (Remote) - $200,000/year USD  at Crossover 
2026-01-27 00:19:25,633 - LinkedInScraper - INFO - Successfully scraped: Manager or Senior Manager- Forensics- Forensic Data Analytics- Assurance  at EY
2026-01-27 00:19:27,012 - LinkedInScraper - INFO - Successfully scraped: Sr. Manager, People Analytics  at TDL Group
2026-01-27 00:19:28,279 - LinkedInScraper - WARNING - Could not extract description details for Product Line Manager, Digital M&S AI Solutions  at Sanofi.
2026-01-27 00:19:28,300 - LinkedInScraper - INFO - Successfully scraped: Product Line Manager, Digital M&S AI Solutions  at Sanofi
2026-01-27 00:19:29,601 - LinkedInScraper - WARNING - Could not extract description details for Head of Solutions Engineering  at Sanofi.
2026-01-27 00:19:29,619 - LinkedInScraper - INFO - Successfully scraped: Head of Solutions Engineering  at Sanofi
2026-01-27 00:19:30,800 - LinkedInScraper - INFO - Successfully scraped: Associate, Performance (12-month contract)  at CPP Investments | Investissements RPC
2026-01-27 00:19:32,041 - LinkedInScraper - INFO - Successfully scraped: Analyst, Business Analytics  at Medcan
2026-01-27 00:19:33,171 - LinkedInScraper - INFO - Successfully scraped: Senior Manager, Fraud Prevention & Performance – CAN P&BB  at BMO
2026-01-27 00:19:34,300 - LinkedInScraper - INFO - Successfully scraped: Databricks Director  at PwC Canada
2026-01-27 00:19:35,388 - LinkedInScraper - INFO - Successfully scraped: Quantitative Finance Forecasting Analyst at Alignerr
2026-01-27 00:19:36,535 - LinkedInScraper - INFO - Successfully scraped: Associate Software Engineer  at Jerry
2026-01-27 00:19:37,740 - LinkedInScraper - INFO - Successfully scraped: Senior Software Engineer  at Morningstar
2026-01-27 00:19:38,874 - LinkedInScraper - INFO - Successfully scraped: Senior Software Engineer  at Wiser Solutions, Inc
2026-01-27 00:19:40,005 - LinkedInScraper - INFO - Successfully scraped: Engagement Manager  at Shakudo
2026-01-27 00:19:41,174 - LinkedInScraper - INFO - Successfully scraped: Senior/Manager - Digital Risk DevOps  at EY
2026-01-27 00:19:42,404 - LinkedInScraper - WARNING - Could not extract description details for Biology Masters - AI Data Trainer at Alignerr.
2026-01-27 00:19:42,429 - LinkedInScraper - INFO - Successfully scraped: Biology Masters - AI Data Trainer at Alignerr
2026-01-27 00:19:43,572 - LinkedInScraper - INFO - Successfully scraped: Software Engineering / Computer Science Intern – Warehouse Operations & Analytics  at Bio-Techne
2026-01-27 00:19:44,733 - LinkedInScraper - INFO - Successfully scraped: Statistical Data Analyst - 6 Month Contract  at ETS
2026-01-27 00:19:45,912 - LinkedInScraper - INFO - Successfully scraped: Senior Software Engineer - C#  at Motion Recruitment
2026-01-27 00:19:47,080 - LinkedInScraper - INFO - Successfully scraped: Solution Data Architect at Fusemachines
2026-01-27 00:19:48,199 - LinkedInScraper - INFO - Successfully scraped: Data & Analytics Specialist at Altis Technology
2026-01-27 00:19:49,343 - LinkedInScraper - INFO - Successfully scraped: Staff Software Engineer - Production Engineering  at RBC
2026-01-27 00:19:49,355 - LinkedInScraper - INFO - Navigating to next page...
2026-01-27 00:19:50,395 - LinkedInScraper - INFO - Page content loaded. Extracting job cards...
2026-01-27 00:19:50,437 - LinkedInScraper - INFO - Found 25 jobs on the current page.
2026-01-27 00:19:51,435 - LinkedInScraper - INFO - Successfully scraped: Ingénieur ou ingénieure II  at TD
2026-01-27 00:19:52,812 - LinkedInScraper - INFO - Successfully scraped: Senior Manager, Treasury Data Solution  at TD
2026-01-27 00:19:54,386 - LinkedInScraper - INFO - Successfully scraped: Vice President of Product Engineering, 2 Hour Learning (Remote) - $400,000/year USD  at Crossover 
2026-01-27 00:19:55,580 - LinkedInScraper - WARNING - Could not extract description details for Electrical Engineering - AI Data Trainer at Alignerr.
2026-01-27 00:19:55,597 - LinkedInScraper - INFO - Successfully scraped: Electrical Engineering - AI Data Trainer at Alignerr
2026-01-27 00:19:56,796 - LinkedInScraper - INFO - Successfully scraped: Intern - Business Insights and Analytics (September 2026 - 12 months)  at OntarioTeachers
2026-01-27 00:19:58,052 - LinkedInScraper - WARNING - Could not extract description details for Business Administration (MBA) - AI Data Trainer at Alignerr.
2026-01-27 00:19:58,077 - LinkedInScraper - INFO - Successfully scraped: Business Administration (MBA) - AI Data Trainer at Alignerr
2026-01-27 00:19:59,692 - LinkedInScraper - INFO - Successfully scraped: Consultant, Business Experimentation  at MasterCard
2026-01-27 00:20:00,870 - LinkedInScraper - INFO - Successfully scraped: Staff Software Developer, Fullstack  at Coursera
2026-01-27 00:20:02,111 - LinkedInScraper - INFO - Successfully scraped: Intern - Capital Markets, Quantitative Strategies and Research (May 2026 - 8 months)  at OntarioTeachers
2026-01-27 00:20:03,414 - LinkedInScraper - INFO - Successfully scraped: AVP Product Management, Data & AI Platform  at League
2026-01-27 00:20:04,559 - LinkedInScraper - INFO - Successfully scraped: 10+ Years Azure Devops Engineer (with ML) at TheCorporate
2026-01-27 00:20:05,711 - LinkedInScraper - INFO - Successfully scraped: Senior Data Engineer (Microservices) - Toronto, ON  at League
2026-01-27 00:20:06,927 - LinkedInScraper - INFO - Successfully scraped: Senior Marketing Analyst  at Mediamonks B.V.
2026-01-27 00:20:08,175 - LinkedInScraper - INFO - Successfully scraped: Technical Product Manager (Scheduling & Forecasting)  at Dialogue
2026-01-27 00:20:09,631 - LinkedInScraper - INFO - Successfully scraped: Data Architect Director  at OLG
2026-01-27 00:20:11,361 - LinkedInScraper - INFO - Successfully scraped: SEO Team Lead at LinkGraph
2026-01-27 00:20:42,967 - LinkedInScraper - INFO - Successfully scraped: Stagiaire en développement logiciel, doctorat, été 2026 at Google
2026-01-27 00:20:44,163 - LinkedInScraper - INFO - Successfully scraped: Senior Associate, Performance Measurement and Analytics at Investment Management Corporation of Ontario (IMCO)
2026-01-27 00:20:45,357 - LinkedInScraper - INFO - Successfully scraped: Senior Associate, Business Operations  at Jerry
2026-01-27 00:20:46,497 - LinkedInScraper - INFO - Successfully scraped: Manager, Wealth Reporting Analytics & Automation  at BMO
2026-01-27 00:20:47,688 - LinkedInScraper - INFO - Successfully scraped: Senior Manager, Analytics & Experimentation // Gestionnaire senior, Analyse et expérimentation  at Mistplay Inc
2026-01-27 00:20:48,861 - LinkedInScraper - INFO - Successfully scraped: Gestionnaire principal·e, Expérience des offres numériques  at Rogers Communications Inc.
2026-01-27 00:20:49,999 - LinkedInScraper - INFO - Successfully scraped: Intern - Risk, Total Fund Risk (May 2026 - 12 months)  at OntarioTeachers
2026-01-27 00:20:51,257 - LinkedInScraper - WARNING - Could not extract description details for Computer Engineering Expert - AI Content Specialist at Alignerr.
2026-01-27 00:20:51,281 - LinkedInScraper - INFO - Successfully scraped: Computer Engineering Expert - AI Content Specialist at Alignerr
2026-01-27 00:20:52,876 - LinkedInScraper - WARNING - Could not extract description details for Formal Verification Scientist (Lean 4 & Mathlib) at Alignerr.
2026-01-27 00:20:52,916 - LinkedInScraper - INFO - Successfully scraped: Formal Verification Scientist (Lean 4 & Mathlib) at Alignerr
2026-01-27 00:20:52,933 - LinkedInScraper - INFO - Navigating to next page...
2026-01-27 00:20:53,977 - LinkedInScraper - INFO - Page content loaded. Extracting job cards...
2026-01-27 00:20:53,999 - LinkedInScraper - INFO - Found 13 jobs on the current page.
2026-01-27 00:20:55,236 - LinkedInScraper - WARNING - Could not extract description details for Applied Formal Methods Researcher (Lean 4) at Alignerr.
2026-01-27 00:20:55,242 - LinkedInScraper - INFO - Successfully scraped: Applied Formal Methods Researcher (Lean 4) at Alignerr
2026-01-27 00:20:56,367 - LinkedInScraper - WARNING - Could not extract description details for Physics Subject Matter Expert - AI Content Specialist at Alignerr.
2026-01-27 00:20:56,374 - LinkedInScraper - INFO - Successfully scraped: Physics Subject Matter Expert - AI Content Specialist at Alignerr
2026-01-27 00:20:57,604 - LinkedInScraper - WARNING - Could not extract description details for Offensive Security Analyst (Structured / Non-Exploit) at Alignerr.
2026-01-27 00:20:57,629 - LinkedInScraper - INFO - Successfully scraped: Offensive Security Analyst (Structured / Non-Exploit) at Alignerr
2026-01-27 00:20:58,810 - LinkedInScraper - WARNING - Could not extract description details for Researcher - Lean 4 & Formal Proof Systems at Alignerr.
2026-01-27 00:20:58,817 - LinkedInScraper - INFO - Successfully scraped: Researcher - Lean 4 & Formal Proof Systems at Alignerr
2026-01-27 00:20:59,993 - LinkedInScraper - WARNING - Could not extract description details for Biology Subject Matter Expert - AI Content Specialist at Alignerr.
2026-01-27 00:21:00,036 - LinkedInScraper - INFO - Successfully scraped: Biology Subject Matter Expert - AI Content Specialist at Alignerr
2026-01-27 00:21:01,110 - LinkedInScraper - WARNING - Could not extract description details for Electrical Engineering Expert - AI Content Specialist at Alignerr.
2026-01-27 00:21:01,137 - LinkedInScraper - INFO - Successfully scraped: Electrical Engineering Expert - AI Content Specialist at Alignerr
2026-01-27 00:21:02,278 - LinkedInScraper - WARNING - Could not extract description details for Chemistry Subject Matter Expert - AI Content Specialist at Alignerr.
2026-01-27 00:21:02,283 - LinkedInScraper - INFO - Successfully scraped: Chemistry Subject Matter Expert - AI Content Specialist at Alignerr
2026-01-27 00:21:03,354 - LinkedInScraper - WARNING - Could not extract description details for Lean 4 Proof Engineer - Mathematical Formalization at Alignerr.
2026-01-27 00:21:03,360 - LinkedInScraper - INFO - Successfully scraped: Lean 4 Proof Engineer - Mathematical Formalization at Alignerr
2026-01-27 00:21:04,510 - LinkedInScraper - WARNING - Could not extract description details for Mechanical Engineering Expert - AI Content Specialist at Alignerr.
2026-01-27 00:21:04,542 - LinkedInScraper - INFO - Successfully scraped: Mechanical Engineering Expert - AI Content Specialist at Alignerr
2026-01-27 00:21:05,717 - LinkedInScraper - WARNING - Could not extract description details for Health Policy & Management - AI Content Specialist at Alignerr.
2026-01-27 00:21:05,739 - LinkedInScraper - INFO - Successfully scraped: Health Policy & Management - AI Content Specialist at Alignerr
2026-01-27 00:21:06,938 - LinkedInScraper - WARNING - Could not extract description details for Applied Physics Specialist - AI Content Evaluator at Alignerr.
2026-01-27 00:21:06,947 - LinkedInScraper - INFO - Successfully scraped: Applied Physics Specialist - AI Content Evaluator at Alignerr
2026-01-27 00:21:08,128 - LinkedInScraper - WARNING - Could not extract description details for Biochemistry Subject Matter Expert - AI Content Specialist at Alignerr.
2026-01-27 00:21:08,142 - LinkedInScraper - INFO - Successfully scraped: Biochemistry Subject Matter Expert - AI Content Specialist at Alignerr
2026-01-27 00:21:09,313 - LinkedInScraper - WARNING - Could not extract description details for Business Administration (MBA) - AI Content Specialist at Alignerr.
2026-01-27 00:21:09,320 - LinkedInScraper - INFO - Successfully scraped: Business Administration (MBA) - AI Content Specialist at Alignerr
2026-01-27 00:21:09,324 - LinkedInScraper - INFO - Pagination end reached. Terminating scrape loop.
2026-01-27 00:21:09,327 - LinkedInScraper - INFO - Saving 188 jobs to C:\Users\CXY\Downloads\job-matcher\data\job_posts\complete_posts\20260127_Machine Learning_Toronto, Ontario, Canada_Past 24 hours.csv...
2026-01-27 00:21:09,360 - LinkedInScraper - INFO - File saved successfully.
2026-01-27 00:21:09,379 - LinkedInScraper - INFO - Filtered 95 eligible jobs and saved to C:\Users\CXY\Downloads\job-matcher\data\job_posts\filtered_posts\20260127_Arron_Machine Learning_filtered.csv
2026-01-27 00:21:09,380 - LinkedInScraper - INFO - Task completed successfully.
2026-01-27 00:21:09,380 - LinkedInScraper - INFO - Closing browser resources.
